-------------------------------------------------------------------------------
Test set: com.shopping.dao.jdbc.DbConnectionTest
-------------------------------------------------------------------------------
Tests run: 1, Failures: 1, Errors: 0, Skipped: 0, Time elapsed: 0.008 s <<< FAILURE! - in com.shopping.dao.jdbc.DbConnectionTest
getConnection(com.shopping.dao.jdbc.DbConnectionTest)  Time elapsed: 0.008 s  <<< FAILURE!
java.lang.AssertionError
	at com.shopping.dao.jdbc.DbConnectionTest.getConnection(DbConnectionTest.java:23)

